<?xml version="1.0" encoding="UTF-8"?>
<testsuite name="TestDataClasses" tests="1" skipped="0" failures="0" errors="0" timestamp="2019-05-04T06:25:24" hostname="raleigh-Z170X-UD5" time="0.008">
  <properties/>
  <testcase name="testListOfPeople" classname="TestDataClasses" time="0.008"/>
  <system-out><![CDATA[]]></system-out>
  <system-err><![CDATA[]]></system-err>
</testsuite>
