<?xml version="1.0" encoding="UTF-8"?>
<testsuite name="TestFlatMap" tests="2" skipped="0" failures="0" errors="0" timestamp="2019-05-10T21:27:41" hostname="raleigh-Z170X-UD5" time="0.016">
  <properties/>
  <testcase name="testGetOrderedProductsSet" classname="TestFlatMap" time="0.016"/>
  <testcase name="testGetAllOrderedProducts" classname="TestFlatMap" time="0.0"/>
  <system-out><![CDATA[]]></system-out>
  <system-err><![CDATA[]]></system-err>
</testsuite>
