<?xml version="1.0" encoding="UTF-8"?>
<testsuite name="TestFunctions" tests="1" skipped="0" failures="0" errors="0" timestamp="2019-05-04T02:10:05" hostname="raleigh-Z170X-UD5" time="0.008">
  <properties/>
  <testcase name="collection" classname="TestFunctions" time="0.008"/>
  <system-out><![CDATA[]]></system-out>
  <system-err><![CDATA[]]></system-err>
</testsuite>
