<?xml version="1.0" encoding="UTF-8"?>
<testsuite name="TetLazyProperty" tests="2" skipped="0" failures="0" errors="0" timestamp="2019-05-11T20:14:50" hostname="raleigh-Z170X-UD5" time="0.002">
  <properties/>
  <testcase name="testLazy" classname="TetLazyProperty" time="0.001"/>
  <testcase name="initializedOnce" classname="TetLazyProperty" time="0.001"/>
  <system-out><![CDATA[]]></system-out>
  <system-err><![CDATA[]]></system-err>
</testsuite>
