<?xml version="1.0" encoding="UTF-8"?>
<testsuite name="TestDelegatesExamples" tests="2" skipped="0" failures="0" errors="0" timestamp="2019-05-11T20:29:44" hostname="raleigh-Z170X-UD5" time="0.005">
  <properties/>
  <testcase name="testLazy" classname="TestDelegatesExamples" time="0.005"/>
  <testcase name="initializedOnce" classname="TestDelegatesExamples" time="0.0"/>
  <system-out><![CDATA[]]></system-out>
  <system-err><![CDATA[]]></system-err>
</testsuite>
