<?xml version="1.0" encoding="UTF-8"?>
<testsuite name="TestIntroduction" tests="1" skipped="0" failures="0" errors="0" timestamp="2019-05-10T20:01:57" hostname="raleigh-Z170X-UD5" time="0.017">
  <properties/>
  <testcase name="testSetOfCustomers" classname="TestIntroduction" time="0.017"/>
  <system-out><![CDATA[]]></system-out>
  <system-err><![CDATA[]]></system-err>
</testsuite>
