<?xml version="1.0" encoding="UTF-8"?>
<testsuite name="TestExtensionsOnCollections" tests="1" skipped="0" failures="0" errors="0" timestamp="2019-05-05T19:16:51" hostname="raleigh-Z170X-UD5" time="0.009">
  <properties/>
  <testcase name="testSort" classname="TestExtensionsOnCollections" time="0.009"/>
  <system-out><![CDATA[]]></system-out>
  <system-err><![CDATA[]]></system-err>
</testsuite>
