<?xml version="1.0" encoding="UTF-8"?>
<testsuite name="TestNamedArguments" tests="1" skipped="0" failures="0" errors="0" timestamp="2019-05-04T02:20:38" hostname="raleigh-Z170X-UD5" time="0.012">
  <properties/>
  <testcase name="testJoinToString" classname="TestNamedArguments" time="0.012"/>
  <system-out><![CDATA[]]></system-out>
  <system-err><![CDATA[]]></system-err>
</testsuite>
