<?xml version="1.0" encoding="UTF-8"?>
<testsuite name="TestProperties" tests="1" skipped="0" failures="0" errors="0" timestamp="2019-05-11T19:11:45" hostname="raleigh-Z170X-UD5" time="0.001">
  <properties/>
  <testcase name="testPropertyWithCounter" classname="TestProperties" time="0.001"/>
  <system-out><![CDATA[]]></system-out>
  <system-err><![CDATA[]]></system-err>
</testsuite>
