<?xml version="1.0" encoding="UTF-8"?>
<testsuite name="TestInvoke" tests="2" skipped="0" failures="0" errors="0" timestamp="2019-05-05T23:39:30" hostname="raleigh-Z170X-UD5" time="0.003">
  <properties/>
  <testcase name="testInvokeTwice" classname="TestInvoke" time="0.002"/>
  <testcase name="testNumberOfInvocations" classname="TestInvoke" time="0.001"/>
  <system-out><![CDATA[]]></system-out>
  <system-err><![CDATA[]]></system-err>
</testsuite>
