<?xml version="1.0" encoding="UTF-8"?>
<testsuite name="TestComparison" tests="2" skipped="0" failures="0" errors="0" timestamp="2019-05-05T19:27:44" hostname="raleigh-Z170X-UD5" time="0.001">
  <properties/>
  <testcase name="testAfter" classname="TestComparison" time="0.001"/>
  <testcase name="testBefore" classname="TestComparison" time="0.0"/>
  <system-out><![CDATA[]]></system-out>
  <system-err><![CDATA[]]></system-err>
</testsuite>
