<?xml version="1.0" encoding="UTF-8"?>
<testsuite name="TestSamConversions" tests="1" skipped="0" failures="0" errors="0" timestamp="2019-05-04T20:51:14" hostname="raleigh-Z170X-UD5" time="0.009">
  <properties/>
  <testcase name="testSort" classname="TestSamConversions" time="0.009"/>
  <system-out><![CDATA[]]></system-out>
  <system-err><![CDATA[]]></system-err>
</testsuite>
