<?xml version="1.0" encoding="UTF-8"?>
<testsuite name="TestHtmlBuilders" tests="2" skipped="0" failures="0" errors="0" timestamp="2019-05-12T01:18:23" hostname="raleigh-Z170X-UD5" time="0.015">
  <properties/>
  <testcase name="productTableIsColored" classname="TestHtmlBuilders" time="0.015"/>
  <testcase name="productTableIsFilled" classname="TestHtmlBuilders" time="0.0"/>
  <system-out><![CDATA[]]></system-out>
  <system-err><![CDATA[]]></system-err>
</testsuite>
