<?xml version="1.0" encoding="UTF-8"?>
<testsuite name="TestDelegatesHowItWorks" tests="1" skipped="0" failures="0" errors="0" timestamp="2019-05-11T20:40:37" hostname="raleigh-Z170X-UD5" time="0.011">
  <properties/>
  <testcase name="testDate" classname="TestDelegatesHowItWorks" time="0.011"/>
  <system-out><![CDATA[]]></system-out>
  <system-err><![CDATA[]]></system-err>
</testsuite>
