<?xml version="1.0" encoding="UTF-8"?>
<testsuite name="TestLambdas" tests="2" skipped="0" failures="0" errors="0" timestamp="2019-05-04T02:40:44" hostname="raleigh-Z170X-UD5" time="0.008">
  <properties/>
  <testcase name="contains" classname="TestLambdas" time="0.008"/>
  <testcase name="notContains" classname="TestLambdas" time="0.0"/>
  <system-out><![CDATA[]]></system-out>
  <system-err><![CDATA[]]></system-err>
</testsuite>
