<?xml version="1.0" encoding="UTF-8"?>
<testsuite name="TestExtensionFunctions" tests="2" skipped="0" failures="0" errors="0" timestamp="2019-05-04T19:28:48" hostname="raleigh-Z170X-UD5" time="0.002">
  <properties/>
  <testcase name="testPairExtension" classname="TestExtensionFunctions" time="0.002"/>
  <testcase name="testIntExtension" classname="TestExtensionFunctions" time="0.0"/>
  <system-out><![CDATA[]]></system-out>
  <system-err><![CDATA[]]></system-err>
</testsuite>
